2026-03-11 09:06:10 [INFO    ] IVS.camera_2.Main – Camera process 2 started  PID=5872
2026-03-11 09:07:12 [INFO    ] IVS.camera_2.Main – Camera process 2 started  PID=26316
2026-03-11 09:07:48 [INFO    ] IVS.camera_2.Main – Camera process 2 started  PID=18744
2026-03-11 09:08:03 [INFO    ] IVS.camera_2.Main – Camera process 2 started  PID=11068
2026-03-11 09:08:36 [INFO    ] IVS.camera_2.Main – Camera process 2 started  PID=6848
2026-03-11 09:09:40 [INFO    ] IVS.camera_2.Main – Camera process 2 started  PID=7136
2026-03-11 09:11:43 [INFO    ] IVS.camera_2.Main – Camera process 2 started  PID=22320
2026-03-11 09:14:14 [INFO    ] IVS.camera_2.Main – Camera process 2 started  PID=24972
2026-03-11 09:16:17 [INFO    ] IVS.camera_2.Main – Camera process 2 started  PID=4956
2026-03-11 09:18:20 [INFO    ] IVS.camera_2.Main – Camera process 2 started  PID=10496
2026-03-11 09:20:24 [INFO    ] IVS.camera_2.Main – Camera process 2 started  PID=2328
2026-03-11 09:22:27 [INFO    ] IVS.camera_2.Main – Camera process 2 started  PID=20872
2026-03-11 09:24:30 [INFO    ] IVS.camera_2.Main – Camera process 2 started  PID=10976
2026-03-11 09:26:34 [INFO    ] IVS.camera_2.Main – Camera process 2 started  PID=508
2026-03-11 09:28:37 [INFO    ] IVS.camera_2.Main – Camera process 2 started  PID=16504
2026-03-11 09:30:40 [INFO    ] IVS.camera_2.Main – Camera process 2 started  PID=26196
2026-03-11 09:32:44 [INFO    ] IVS.camera_2.Main – Camera process 2 started  PID=1528
2026-03-11 09:34:47 [INFO    ] IVS.camera_2.Main – Camera process 2 started  PID=12620
2026-03-11 09:36:51 [INFO    ] IVS.camera_2.Main – Camera process 2 started  PID=13484
2026-03-11 09:38:54 [INFO    ] IVS.camera_2.Main – Camera process 2 started  PID=26596
2026-03-11 09:40:57 [INFO    ] IVS.camera_2.Main – Camera process 2 started  PID=23692
2026-03-11 09:43:01 [INFO    ] IVS.camera_2.Main – Camera process 2 started  PID=1500
2026-03-11 09:45:04 [INFO    ] IVS.camera_2.Main – Camera process 2 started  PID=26396
2026-03-11 09:47:07 [INFO    ] IVS.camera_2.Main – Camera process 2 started  PID=25588
2026-03-11 09:49:11 [INFO    ] IVS.camera_2.Main – Camera process 2 started  PID=14036
2026-03-11 09:51:14 [INFO    ] IVS.camera_2.Main – Camera process 2 started  PID=22336
2026-03-11 09:53:17 [INFO    ] IVS.camera_2.Main – Camera process 2 started  PID=7112
2026-03-11 09:55:21 [INFO    ] IVS.camera_2.Main – Camera process 2 started  PID=5204
2026-03-11 09:57:24 [INFO    ] IVS.camera_2.Main – Camera process 2 started  PID=12412
2026-03-11 09:59:27 [INFO    ] IVS.camera_2.Main – Camera process 2 started  PID=7744
2026-03-11 10:01:31 [INFO    ] IVS.camera_2.Main – Camera process 2 started  PID=5836
2026-03-11 10:03:34 [INFO    ] IVS.camera_2.Main – Camera process 2 started  PID=524
2026-03-11 10:05:37 [INFO    ] IVS.camera_2.Main – Camera process 2 started  PID=23596
2026-03-11 10:07:41 [INFO    ] IVS.camera_2.Main – Camera process 2 started  PID=13600
2026-03-11 12:08:47 [INFO    ] IVS.camera_2.Main – Camera process 2 started  PID=18404
2026-03-11 12:10:50 [INFO    ] IVS.camera_2.Main – Camera process 2 started  PID=3260
2026-03-11 12:12:54 [INFO    ] IVS.camera_2.Main – Camera process 2 started  PID=20636
2026-03-11 12:14:57 [INFO    ] IVS.camera_2.Main – Camera process 2 started  PID=16220
2026-03-11 12:17:01 [INFO    ] IVS.camera_2.Main – Camera process 2 started  PID=3212
2026-03-11 12:19:04 [INFO    ] IVS.camera_2.Main – Camera process 2 started  PID=26024
2026-03-11 12:21:07 [INFO    ] IVS.camera_2.Main – Camera process 2 started  PID=1712
2026-03-11 12:23:11 [INFO    ] IVS.camera_2.Main – Camera process 2 started  PID=20704
2026-03-11 12:25:14 [INFO    ] IVS.camera_2.Main – Camera process 2 started  PID=26008
2026-03-11 13:30:32 [INFO    ] IVS.camera_2.Main – Camera process 2 started  PID=1624
2026-03-11 13:32:36 [INFO    ] IVS.camera_2.Main – Camera process 2 started  PID=25132
2026-03-11 13:34:39 [INFO    ] IVS.camera_2.Main – Camera process 2 started  PID=23668
2026-03-11 13:36:42 [INFO    ] IVS.camera_2.Main – Camera process 2 started  PID=25204
2026-03-11 13:38:46 [INFO    ] IVS.camera_2.Main – Camera process 2 started  PID=18400
2026-03-11 13:40:49 [INFO    ] IVS.camera_2.Main – Camera process 2 started  PID=24784
2026-03-11 13:42:53 [INFO    ] IVS.camera_2.Main – Camera process 2 started  PID=11700
2026-03-11 13:44:57 [INFO    ] IVS.camera_2.Main – Camera process 2 started  PID=660
2026-03-11 13:47:00 [INFO    ] IVS.camera_2.Main – Camera process 2 started  PID=20448
2026-03-11 13:49:03 [INFO    ] IVS.camera_2.Main – Camera process 2 started  PID=4852
2026-03-11 13:51:07 [INFO    ] IVS.camera_2.Main – Camera process 2 started  PID=26476
2026-03-11 13:53:10 [INFO    ] IVS.camera_2.Main – Camera process 2 started  PID=6548
2026-03-11 13:55:14 [INFO    ] IVS.camera_2.Main – Camera process 2 started  PID=25188
2026-03-11 13:57:17 [INFO    ] IVS.camera_2.Main – Camera process 2 started  PID=23744
2026-03-11 16:33:53 [INFO    ] IVS.camera_2.Main – Camera process 2 started  PID=4404
2026-03-11 16:33:53 [WARNING ] IVS.camera_2.Main – Camera 2 reader thread stalled (infs) – restarting
2026-03-11 16:33:56 [WARNING ] IVS.camera_2.Main – Camera 2 reader thread stalled (infs) – restarting
2026-03-11 16:33:59 [WARNING ] IVS.camera_2.Main – Camera 2 reader thread stalled (infs) – restarting
2026-03-11 16:34:02 [WARNING ] IVS.camera_2.Main – Camera 2 reader thread stalled (infs) – restarting
2026-03-11 16:34:05 [WARNING ] IVS.camera_2.Main – Camera 2 reader thread stalled (infs) – restarting
2026-03-11 16:34:08 [WARNING ] IVS.camera_2.Main – Camera 2 reader thread stalled (infs) – restarting
2026-03-11 16:34:11 [WARNING ] IVS.camera_2.Main – Camera 2 reader thread stalled (infs) – restarting
2026-03-11 16:34:14 [WARNING ] IVS.camera_2.Main – Camera 2 reader thread stalled (infs) – restarting
2026-03-11 16:34:17 [WARNING ] IVS.camera_2.Main – Camera 2 reader thread stalled (infs) – restarting
2026-03-11 16:34:29 [INFO    ] IVS.camera_2.Main – Camera process 2 started  PID=26380
2026-03-11 16:34:29 [WARNING ] IVS.camera_2.Main – Camera 2 reader thread stalled (infs) – restarting
2026-03-11 16:34:32 [WARNING ] IVS.camera_2.Main – Camera 2 reader thread stalled (infs) – restarting
2026-03-11 16:34:35 [WARNING ] IVS.camera_2.Main – Camera 2 reader thread stalled (infs) – restarting
2026-03-11 16:34:38 [WARNING ] IVS.camera_2.Main – Camera 2 reader thread stalled (infs) – restarting
2026-03-11 16:34:41 [WARNING ] IVS.camera_2.Main – Camera 2 reader thread stalled (infs) – restarting
2026-03-11 16:34:44 [WARNING ] IVS.camera_2.Main – Camera 2 reader thread stalled (infs) – restarting
2026-03-11 16:34:47 [WARNING ] IVS.camera_2.Main – Camera 2 reader thread stalled (infs) – restarting
2026-03-11 16:34:50 [WARNING ] IVS.camera_2.Main – Camera 2 reader thread stalled (infs) – restarting
2026-03-11 16:34:53 [WARNING ] IVS.camera_2.Main – Camera 2 reader thread stalled (infs) – restarting
2026-03-11 16:34:56 [WARNING ] IVS.camera_2.Main – Camera 2 reader thread stalled (infs) – restarting
2026-03-11 16:35:12 [INFO    ] IVS.camera_2.Main – Camera process 2 started  PID=30244
2026-03-11 16:35:12 [WARNING ] IVS.camera_2.Main – Camera 2 reader thread stalled (infs) – restarting
2026-03-11 16:35:15 [WARNING ] IVS.camera_2.Main – Camera 2 reader thread stalled (infs) – restarting
2026-03-11 16:35:18 [WARNING ] IVS.camera_2.Main – Camera 2 reader thread stalled (infs) – restarting
2026-03-11 16:35:21 [WARNING ] IVS.camera_2.Main – Camera 2 reader thread stalled (infs) – restarting
2026-03-11 16:35:24 [WARNING ] IVS.camera_2.Main – Camera 2 reader thread stalled (infs) – restarting
2026-03-11 16:35:27 [WARNING ] IVS.camera_2.Main – Camera 2 reader thread stalled (infs) – restarting
2026-03-11 16:35:30 [WARNING ] IVS.camera_2.Main – Camera 2 reader thread stalled (infs) – restarting
2026-03-11 16:35:33 [WARNING ] IVS.camera_2.Main – Camera 2 reader thread stalled (infs) – restarting
2026-03-11 16:35:37 [WARNING ] IVS.camera_2.Main – Camera 2 reader thread stalled (infs) – restarting
2026-03-11 16:36:13 [INFO    ] IVS.camera_2.Main – Camera process 2 started  PID=16428
2026-03-11 16:36:13 [WARNING ] IVS.camera_2.Main – Camera 2 reader thread stalled (infs) – restarting
2026-03-11 16:36:16 [WARNING ] IVS.camera_2.Main – Camera 2 reader thread stalled (infs) – restarting
2026-03-11 16:36:19 [WARNING ] IVS.camera_2.Main – Camera 2 reader thread stalled (infs) – restarting
2026-03-11 16:36:22 [WARNING ] IVS.camera_2.Main – Camera 2 reader thread stalled (infs) – restarting
2026-03-11 16:36:25 [WARNING ] IVS.camera_2.Main – Camera 2 reader thread stalled (infs) – restarting
2026-03-11 16:36:28 [WARNING ] IVS.camera_2.Main – Camera 2 reader thread stalled (infs) – restarting
2026-03-11 16:36:31 [WARNING ] IVS.camera_2.Main – Camera 2 reader thread stalled (infs) – restarting
2026-03-11 16:36:34 [WARNING ] IVS.camera_2.Main – Camera 2 reader thread stalled (infs) – restarting
2026-03-11 16:36:37 [WARNING ] IVS.camera_2.Main – Camera 2 reader thread stalled (infs) – restarting
2026-03-11 16:36:40 [INFO    ] IVS.camera_2.Main – Camera process 2 exiting
2026-03-12 06:48:00 [INFO    ] IVS.camera_2.Main – Camera process 2 started  PID=28404
2026-03-12 06:48:00 [WARNING ] IVS.camera_2.Main – Camera 2 reader stalled (9999s) – restarting thread
2026-03-12 06:48:03 [WARNING ] IVS.camera_2.Main – Camera 2 reader stalled (9999s) – restarting thread
2026-03-12 06:48:06 [WARNING ] IVS.camera_2.Main – Camera 2 reader stalled (9999s) – restarting thread
2026-03-12 06:48:09 [WARNING ] IVS.camera_2.Main – Camera 2 reader stalled (9999s) – restarting thread
2026-03-12 06:48:12 [WARNING ] IVS.camera_2.Main – Camera 2 reader stalled (9999s) – restarting thread
2026-03-12 06:48:15 [WARNING ] IVS.camera_2.Main – Camera 2 reader stalled (9999s) – restarting thread
2026-03-12 06:48:18 [WARNING ] IVS.camera_2.Main – Camera 2 reader stalled (9999s) – restarting thread
2026-03-12 06:48:21 [WARNING ] IVS.camera_2.Main – Camera 2 reader stalled (9999s) – restarting thread
2026-03-12 06:48:24 [WARNING ] IVS.camera_2.Main – Camera 2 reader stalled (9999s) – restarting thread
2026-03-12 06:48:27 [WARNING ] IVS.camera_2.Main – Camera 2 reader stalled (9999s) – restarting thread
2026-03-12 06:48:35 [INFO    ] IVS.camera_2.Main – Camera process 2 started  PID=30044
2026-03-12 06:48:35 [WARNING ] IVS.camera_2.Main – Camera 2 reader stalled (9999s) – restarting thread
2026-03-12 06:48:38 [WARNING ] IVS.camera_2.Main – Camera 2 reader stalled (9999s) – restarting thread
2026-03-12 06:48:41 [WARNING ] IVS.camera_2.Main – Camera 2 reader stalled (9999s) – restarting thread
2026-03-12 06:48:44 [WARNING ] IVS.camera_2.Main – Camera 2 reader stalled (9999s) – restarting thread
2026-03-12 06:48:47 [WARNING ] IVS.camera_2.Main – Camera 2 reader stalled (9999s) – restarting thread
2026-03-12 06:48:50 [WARNING ] IVS.camera_2.Main – Camera 2 reader stalled (9999s) – restarting thread
2026-03-12 06:48:53 [WARNING ] IVS.camera_2.Main – Camera 2 reader stalled (9999s) – restarting thread
2026-03-12 06:48:56 [WARNING ] IVS.camera_2.Main – Camera 2 reader stalled (9999s) – restarting thread
2026-03-12 06:48:59 [WARNING ] IVS.camera_2.Main – Camera 2 reader stalled (9999s) – restarting thread
2026-03-12 06:49:02 [WARNING ] IVS.camera_2.Main – Camera 2 reader stalled (9999s) – restarting thread
2026-03-12 06:49:17 [INFO    ] IVS.camera_2.Main – Camera process 2 started  PID=30520
2026-03-12 06:49:17 [WARNING ] IVS.camera_2.Main – Camera 2 reader stalled (9999s) – restarting thread
2026-03-12 06:49:20 [WARNING ] IVS.camera_2.Main – Camera 2 reader stalled (9999s) – restarting thread
2026-03-12 06:49:23 [WARNING ] IVS.camera_2.Main – Camera 2 reader stalled (9999s) – restarting thread
2026-03-12 06:49:26 [WARNING ] IVS.camera_2.Main – Camera 2 reader stalled (9999s) – restarting thread
2026-03-12 06:49:29 [WARNING ] IVS.camera_2.Main – Camera 2 reader stalled (9999s) – restarting thread
2026-03-12 06:49:32 [WARNING ] IVS.camera_2.Main – Camera 2 reader stalled (9999s) – restarting thread
2026-03-12 06:49:35 [WARNING ] IVS.camera_2.Main – Camera 2 reader stalled (9999s) – restarting thread
2026-03-12 06:49:38 [WARNING ] IVS.camera_2.Main – Camera 2 reader stalled (9999s) – restarting thread
2026-03-12 06:49:41 [WARNING ] IVS.camera_2.Main – Camera 2 reader stalled (9999s) – restarting thread
2026-03-12 06:49:44 [WARNING ] IVS.camera_2.Main – Camera 2 reader stalled (9999s) – restarting thread
2026-03-12 06:50:17 [INFO    ] IVS.camera_2.Main – Camera process 2 started  PID=5416
2026-03-12 06:50:17 [WARNING ] IVS.camera_2.Main – Camera 2 reader stalled (9999s) – restarting thread
2026-03-12 06:50:20 [WARNING ] IVS.camera_2.Main – Camera 2 reader stalled (9999s) – restarting thread
2026-03-12 06:50:23 [WARNING ] IVS.camera_2.Main – Camera 2 reader stalled (9999s) – restarting thread
2026-03-12 06:50:26 [WARNING ] IVS.camera_2.Main – Camera 2 reader stalled (9999s) – restarting thread
2026-03-12 06:50:29 [WARNING ] IVS.camera_2.Main – Camera 2 reader stalled (9999s) – restarting thread
2026-03-12 06:50:32 [WARNING ] IVS.camera_2.Main – Camera 2 reader stalled (9999s) – restarting thread
2026-03-12 06:50:35 [WARNING ] IVS.camera_2.Main – Camera 2 reader stalled (9999s) – restarting thread
2026-03-12 06:50:38 [WARNING ] IVS.camera_2.Main – Camera 2 reader stalled (9999s) – restarting thread
2026-03-12 06:50:41 [WARNING ] IVS.camera_2.Main – Camera 2 reader stalled (9999s) – restarting thread
2026-03-12 06:50:44 [WARNING ] IVS.camera_2.Main – Camera 2 reader stalled (9999s) – restarting thread
2026-03-12 06:51:47 [INFO    ] IVS.camera_2.Main – Camera process 2 started  PID=10312
2026-03-12 06:51:47 [WARNING ] IVS.camera_2.Main – Camera 2 reader stalled (9999s) – restarting thread
2026-03-12 06:51:50 [WARNING ] IVS.camera_2.Main – Camera 2 reader stalled (9999s) – restarting thread
2026-03-12 06:51:53 [WARNING ] IVS.camera_2.Main – Camera 2 reader stalled (9999s) – restarting thread
2026-03-12 06:51:56 [WARNING ] IVS.camera_2.Main – Camera 2 reader stalled (9999s) – restarting thread
2026-03-12 06:51:59 [WARNING ] IVS.camera_2.Main – Camera 2 reader stalled (9999s) – restarting thread
2026-03-12 06:52:02 [WARNING ] IVS.camera_2.Main – Camera 2 reader stalled (9999s) – restarting thread
2026-03-12 06:52:05 [WARNING ] IVS.camera_2.Main – Camera 2 reader stalled (9999s) – restarting thread
2026-03-12 06:52:08 [WARNING ] IVS.camera_2.Main – Camera 2 reader stalled (9999s) – restarting thread
2026-03-12 06:52:11 [WARNING ] IVS.camera_2.Main – Camera 2 reader stalled (9999s) – restarting thread
2026-03-12 06:52:14 [WARNING ] IVS.camera_2.Main – Camera 2 reader stalled (9999s) – restarting thread
2026-03-12 06:54:38 [INFO    ] IVS.camera_2.Main – Camera process 2 started  PID=3760
2026-03-12 06:54:38 [WARNING ] IVS.camera_2.Main – Camera 2 reader stalled (9999s) – restarting thread
2026-03-12 06:54:41 [WARNING ] IVS.camera_2.Main – Camera 2 reader stalled (9999s) – restarting thread
2026-03-12 06:54:44 [WARNING ] IVS.camera_2.Main – Camera 2 reader stalled (9999s) – restarting thread
2026-03-12 06:54:47 [WARNING ] IVS.camera_2.Main – Camera 2 reader stalled (9999s) – restarting thread
2026-03-12 06:54:50 [WARNING ] IVS.camera_2.Main – Camera 2 reader stalled (9999s) – restarting thread
2026-03-12 06:54:53 [WARNING ] IVS.camera_2.Main – Camera 2 reader stalled (9999s) – restarting thread
2026-03-12 06:54:56 [INFO    ] IVS.camera_2.Main – Camera process 2 exiting
2026-03-12 06:57:42 [INFO    ] IVS.camera_2.Main – Camera process 2 started  PID=9740
2026-03-12 06:57:42 [WARNING ] IVS.camera_2.Main – Camera 2 reader stalled (9999s) – restarting thread
2026-03-12 06:57:45 [WARNING ] IVS.camera_2.Main – Camera 2 reader stalled (9999s) – restarting thread
2026-03-12 06:57:48 [WARNING ] IVS.camera_2.Main – Camera 2 reader stalled (9999s) – restarting thread
2026-03-12 06:57:51 [WARNING ] IVS.camera_2.Main – Camera 2 reader stalled (9999s) – restarting thread
2026-03-12 06:57:54 [WARNING ] IVS.camera_2.Main – Camera 2 reader stalled (9999s) – restarting thread
2026-03-12 06:57:57 [WARNING ] IVS.camera_2.Main – Camera 2 reader stalled (9999s) – restarting thread
2026-03-12 06:58:00 [WARNING ] IVS.camera_2.Main – Camera 2 reader stalled (9999s) – restarting thread
2026-03-12 06:58:03 [INFO    ] IVS.camera_2.Main – Camera process 2 exiting
2026-03-12 11:58:57 [INFO    ] IVS.camera_2.Main – Camera process 2 started  PID=23512
2026-03-12 11:59:17 [WARNING ] IVS.camera_2.Main – Camera 2 reader failed to connect within 20s – restarting
2026-03-12 11:59:32 [INFO    ] IVS.camera_2.Main – Camera process 2 started  PID=25864
2026-03-12 11:59:52 [WARNING ] IVS.camera_2.Main – Camera 2 reader failed to connect within 20s – restarting
2026-03-30 13:12:06 [INFO    ] IVS.camera_2.Main – Camera process 2 started  PID=13344
2026-03-30 13:12:42 [INFO    ] IVS.camera_2.Main – Camera process 2 started  PID=14460
2026-03-30 13:14:54 [INFO    ] IVS.camera_2.Main – Camera process 2 started  PID=15164
2026-03-30 13:16:20 [INFO    ] IVS.camera_2.Main – Camera process 2 started  PID=15288
2026-03-30 13:20:56 [INFO    ] IVS.camera_2.Main – Camera process 2 started  PID=7528
2026-03-30 13:21:16 [WARNING ] IVS.camera_2.Main – Camera 2 reader failed to connect within 20s – restarting
2026-03-30 13:21:32 [INFO    ] IVS.camera_2.Main – Camera process 2 started  PID=9708
2026-03-30 13:21:52 [WARNING ] IVS.camera_2.Main – Camera 2 reader failed to connect within 20s – restarting
2026-03-30 13:22:14 [INFO    ] IVS.camera_2.Main – Camera process 2 started  PID=7648
2026-03-30 13:22:34 [WARNING ] IVS.camera_2.Main – Camera 2 reader failed to connect within 20s – restarting
2026-03-30 13:22:58 [INFO    ] IVS.camera_2.Main – Camera process 2 started  PID=15176
2026-03-30 13:23:18 [WARNING ] IVS.camera_2.Main – Camera 2 reader failed to connect within 20s – restarting
2026-03-30 13:24:29 [INFO    ] IVS.camera_2.Main – Camera process 2 started  PID=11380
2026-03-30 13:24:49 [WARNING ] IVS.camera_2.Main – Camera 2 reader failed to connect within 20s – restarting
2026-03-30 13:25:04 [INFO    ] IVS.camera_2.Main – Camera process 2 started  PID=14912
2026-03-30 13:25:24 [WARNING ] IVS.camera_2.Main – Camera 2 reader failed to connect within 20s – restarting
2026-03-30 13:29:13 [INFO    ] IVS.camera_2.Main – Camera process 2 started  PID=15504
2026-03-30 13:29:50 [INFO    ] IVS.camera_2.Main – Camera process 2 started  PID=1568
2026-03-30 13:30:32 [INFO    ] IVS.camera_2.Main – Camera process 2 started  PID=7312
2026-03-30 13:31:32 [INFO    ] IVS.camera_2.Main – Camera process 2 started  PID=14488
2026-03-30 13:33:02 [INFO    ] IVS.camera_2.Main – Camera process 2 started  PID=9936
2026-03-30 13:35:28 [INFO    ] IVS.camera_2.Main – Camera process 2 started  PID=13756
2026-03-30 13:36:05 [INFO    ] IVS.camera_2.Main – Camera process 2 started  PID=5460
2026-03-30 13:36:47 [INFO    ] IVS.camera_2.Main – Camera process 2 started  PID=12752
2026-03-30 13:37:47 [INFO    ] IVS.camera_2.Main – Camera process 2 started  PID=4572
2026-03-30 14:12:07 [INFO    ] IVS.camera_2.Main – Camera process 2 started  PID=10912
2026-03-30 14:12:44 [INFO    ] IVS.camera_2.Main – Camera process 2 started  PID=9940
2026-03-30 14:13:26 [INFO    ] IVS.camera_2.Main – Camera process 2 started  PID=1864
2026-03-30 14:14:26 [INFO    ] IVS.camera_2.Main – Camera process 2 started  PID=11636
2026-03-30 14:15:57 [INFO    ] IVS.camera_2.Main – Camera process 2 started  PID=16164
2026-03-30 14:18:27 [INFO    ] IVS.camera_2.Main – Camera process 2 started  PID=13748
2026-03-30 14:27:45 [INFO    ] IVS.camera_2.Main – Camera process 2 started  PID=2656
2026-03-30 15:10:56 [INFO    ] IVS.camera_2.Main – Camera process 2 started  PID=9948
2026-03-30 15:11:24 [INFO    ] IVS.camera_2.Main – Camera process 2 exiting
