2026-03-11 08:47:40 [INFO    ] IVS.relay.Main – Relay process started  PID=19360
2026-03-11 08:47:40 [INFO    ] IVS.relay.Main – Using relay simulator
2026-03-11 08:47:40 [ERROR   ] IVS.relay.Main – Resource limit: RAM 320 MB exceeds limit 300 MB
2026-03-11 08:47:40 [INFO    ] IVS.relay.Main – Relay process exiting
2026-03-11 08:47:49 [INFO    ] IVS.relay.Main – Relay process started  PID=26528
2026-03-11 08:47:49 [INFO    ] IVS.relay.Main – Using relay simulator
2026-03-11 08:47:49 [ERROR   ] IVS.relay.Main – Resource limit: RAM 319 MB exceeds limit 300 MB
2026-03-11 08:47:49 [INFO    ] IVS.relay.Main – Relay process exiting
2026-03-11 08:48:04 [INFO    ] IVS.relay.Main – Relay process started  PID=15684
2026-03-11 08:48:04 [INFO    ] IVS.relay.Main – Using relay simulator
2026-03-11 08:48:04 [ERROR   ] IVS.relay.Main – Resource limit: RAM 319 MB exceeds limit 300 MB
2026-03-11 08:48:04 [INFO    ] IVS.relay.Main – Relay process exiting
2026-03-11 08:48:37 [INFO    ] IVS.relay.Main – Relay process started  PID=20828
2026-03-11 08:48:37 [INFO    ] IVS.relay.Main – Using relay simulator
2026-03-11 08:48:37 [ERROR   ] IVS.relay.Main – Resource limit: RAM 319 MB exceeds limit 300 MB
2026-03-11 08:48:37 [INFO    ] IVS.relay.Main – Relay process exiting
2026-03-11 08:49:40 [INFO    ] IVS.relay.Main – Relay process started  PID=25560
2026-03-11 08:49:40 [INFO    ] IVS.relay.Main – Using relay simulator
2026-03-11 08:49:40 [ERROR   ] IVS.relay.Main – Resource limit: RAM 319 MB exceeds limit 300 MB
2026-03-11 08:49:40 [INFO    ] IVS.relay.Main – Relay process exiting
2026-03-11 08:51:44 [INFO    ] IVS.relay.Main – Relay process started  PID=20980
2026-03-11 08:51:44 [INFO    ] IVS.relay.Main – Using relay simulator
2026-03-11 08:51:44 [ERROR   ] IVS.relay.Main – Resource limit: RAM 320 MB exceeds limit 300 MB
2026-03-11 08:51:44 [INFO    ] IVS.relay.Main – Relay process exiting
2026-03-11 08:53:47 [INFO    ] IVS.relay.Main – Relay process started  PID=24360
2026-03-11 08:53:47 [INFO    ] IVS.relay.Main – Using relay simulator
2026-03-11 08:53:47 [ERROR   ] IVS.relay.Main – Resource limit: RAM 319 MB exceeds limit 300 MB
2026-03-11 08:53:47 [INFO    ] IVS.relay.Main – Relay process exiting
2026-03-11 08:55:51 [INFO    ] IVS.relay.Main – Relay process started  PID=2052
2026-03-11 08:55:51 [INFO    ] IVS.relay.Main – Using relay simulator
2026-03-11 08:55:51 [ERROR   ] IVS.relay.Main – Resource limit: RAM 319 MB exceeds limit 300 MB
2026-03-11 08:55:51 [INFO    ] IVS.relay.Main – Relay process exiting
2026-03-11 08:57:54 [INFO    ] IVS.relay.Main – Relay process started  PID=10628
2026-03-11 08:57:54 [INFO    ] IVS.relay.Main – Using relay simulator
2026-03-11 08:57:54 [ERROR   ] IVS.relay.Main – Resource limit: RAM 320 MB exceeds limit 300 MB
2026-03-11 08:57:54 [INFO    ] IVS.relay.Main – Relay process exiting
2026-03-11 09:06:10 [INFO    ] IVS.relay.Main – Relay process started  PID=10316
2026-03-11 09:06:10 [INFO    ] IVS.relay.Main – Using USB HID relay hardware
2026-03-11 09:06:10 [ERROR   ] IVS.relay.Main – Resource limit: RAM 320 MB exceeds limit 300 MB
2026-03-11 09:06:10 [INFO    ] IVS.relay.Main – Relay process exiting
2026-03-11 09:06:18 [INFO    ] IVS.relay.Main – Relay process started  PID=4912
2026-03-11 09:06:18 [INFO    ] IVS.relay.Main – Using USB HID relay hardware
2026-03-11 09:06:19 [ERROR   ] IVS.relay.Main – Resource limit: RAM 321 MB exceeds limit 300 MB
2026-03-11 09:06:19 [INFO    ] IVS.relay.Main – Relay process exiting
2026-03-11 09:07:12 [INFO    ] IVS.relay.Main – Relay process started  PID=25120
2026-03-11 09:07:12 [INFO    ] IVS.relay.Main – Using USB HID relay hardware
2026-03-11 09:07:12 [ERROR   ] IVS.relay.Main – Resource limit: RAM 320 MB exceeds limit 300 MB
2026-03-11 09:07:12 [INFO    ] IVS.relay.Main – Relay process exiting
2026-03-11 09:07:21 [INFO    ] IVS.relay.Main – Relay process started  PID=2248
2026-03-11 09:07:21 [INFO    ] IVS.relay.Main – Using USB HID relay hardware
2026-03-11 09:07:21 [ERROR   ] IVS.relay.Main – Resource limit: RAM 320 MB exceeds limit 300 MB
2026-03-11 09:07:21 [INFO    ] IVS.relay.Main – Relay process exiting
2026-03-11 09:07:36 [INFO    ] IVS.relay.Main – Relay process started  PID=8672
2026-03-11 09:07:36 [INFO    ] IVS.relay.Main – Using USB HID relay hardware
2026-03-11 09:07:36 [ERROR   ] IVS.relay.Main – Resource limit: RAM 321 MB exceeds limit 300 MB
2026-03-11 09:07:36 [INFO    ] IVS.relay.Main – Relay process exiting
2026-03-11 09:08:09 [INFO    ] IVS.relay.Main – Relay process started  PID=7092
2026-03-11 09:08:09 [INFO    ] IVS.relay.Main – Using USB HID relay hardware
2026-03-11 09:08:09 [ERROR   ] IVS.relay.Main – Resource limit: RAM 320 MB exceeds limit 300 MB
2026-03-11 09:08:09 [INFO    ] IVS.relay.Main – Relay process exiting
2026-03-11 09:09:12 [INFO    ] IVS.relay.Main – Relay process started  PID=18024
2026-03-11 09:09:12 [INFO    ] IVS.relay.Main – Using USB HID relay hardware
2026-03-11 09:09:12 [ERROR   ] IVS.relay.Main – Resource limit: RAM 320 MB exceeds limit 300 MB
2026-03-11 09:09:12 [INFO    ] IVS.relay.Main – Relay process exiting
2026-03-11 09:11:16 [INFO    ] IVS.relay.Main – Relay process started  PID=2512
2026-03-11 09:11:16 [INFO    ] IVS.relay.Main – Using USB HID relay hardware
2026-03-11 09:11:16 [ERROR   ] IVS.relay.Main – Resource limit: RAM 320 MB exceeds limit 300 MB
2026-03-11 09:11:16 [INFO    ] IVS.relay.Main – Relay process exiting
2026-03-11 09:13:19 [INFO    ] IVS.relay.Main – Relay process started  PID=25520
2026-03-11 09:13:19 [INFO    ] IVS.relay.Main – Using USB HID relay hardware
2026-03-11 09:13:19 [ERROR   ] IVS.relay.Main – Resource limit: RAM 320 MB exceeds limit 300 MB
2026-03-11 09:13:19 [INFO    ] IVS.relay.Main – Relay process exiting
2026-03-11 09:15:23 [INFO    ] IVS.relay.Main – Relay process started  PID=21916
2026-03-11 09:15:23 [INFO    ] IVS.relay.Main – Using USB HID relay hardware
2026-03-11 09:15:23 [ERROR   ] IVS.relay.Main – Resource limit: RAM 320 MB exceeds limit 300 MB
2026-03-11 09:15:23 [INFO    ] IVS.relay.Main – Relay process exiting
2026-03-11 09:17:26 [INFO    ] IVS.relay.Main – Relay process started  PID=6920
2026-03-11 09:17:26 [INFO    ] IVS.relay.Main – Using USB HID relay hardware
2026-03-11 09:17:26 [ERROR   ] IVS.relay.Main – Resource limit: RAM 320 MB exceeds limit 300 MB
2026-03-11 09:17:26 [INFO    ] IVS.relay.Main – Relay process exiting
2026-03-11 09:19:29 [INFO    ] IVS.relay.Main – Relay process started  PID=692
2026-03-11 09:19:29 [INFO    ] IVS.relay.Main – Using USB HID relay hardware
2026-03-11 09:19:29 [ERROR   ] IVS.relay.Main – Resource limit: RAM 321 MB exceeds limit 300 MB
2026-03-11 09:19:29 [INFO    ] IVS.relay.Main – Relay process exiting
2026-03-11 09:21:33 [INFO    ] IVS.relay.Main – Relay process started  PID=25316
2026-03-11 09:21:33 [INFO    ] IVS.relay.Main – Using USB HID relay hardware
2026-03-11 09:21:33 [ERROR   ] IVS.relay.Main – Resource limit: RAM 321 MB exceeds limit 300 MB
2026-03-11 09:21:33 [INFO    ] IVS.relay.Main – Relay process exiting
2026-03-11 09:23:36 [INFO    ] IVS.relay.Main – Relay process started  PID=26104
2026-03-11 09:23:36 [INFO    ] IVS.relay.Main – Using USB HID relay hardware
2026-03-11 09:23:36 [ERROR   ] IVS.relay.Main – Resource limit: RAM 320 MB exceeds limit 300 MB
2026-03-11 09:23:36 [INFO    ] IVS.relay.Main – Relay process exiting
2026-03-11 09:25:39 [INFO    ] IVS.relay.Main – Relay process started  PID=7260
2026-03-11 09:25:39 [INFO    ] IVS.relay.Main – Using USB HID relay hardware
2026-03-11 09:25:39 [ERROR   ] IVS.relay.Main – Resource limit: RAM 320 MB exceeds limit 300 MB
2026-03-11 09:25:39 [INFO    ] IVS.relay.Main – Relay process exiting
2026-03-11 09:27:43 [INFO    ] IVS.relay.Main – Relay process started  PID=11888
2026-03-11 09:27:43 [INFO    ] IVS.relay.Main – Using USB HID relay hardware
2026-03-11 09:27:43 [ERROR   ] IVS.relay.Main – Resource limit: RAM 320 MB exceeds limit 300 MB
2026-03-11 09:27:43 [INFO    ] IVS.relay.Main – Relay process exiting
2026-03-11 09:29:46 [INFO    ] IVS.relay.Main – Relay process started  PID=1576
2026-03-11 09:29:46 [INFO    ] IVS.relay.Main – Using USB HID relay hardware
2026-03-11 09:29:46 [ERROR   ] IVS.relay.Main – Resource limit: RAM 321 MB exceeds limit 300 MB
2026-03-11 09:29:46 [INFO    ] IVS.relay.Main – Relay process exiting
2026-03-11 09:31:50 [INFO    ] IVS.relay.Main – Relay process started  PID=25240
2026-03-11 09:31:50 [INFO    ] IVS.relay.Main – Using USB HID relay hardware
2026-03-11 09:31:50 [ERROR   ] IVS.relay.Main – Resource limit: RAM 320 MB exceeds limit 300 MB
2026-03-11 09:31:50 [INFO    ] IVS.relay.Main – Relay process exiting
2026-03-11 09:33:53 [INFO    ] IVS.relay.Main – Relay process started  PID=8008
2026-03-11 09:33:53 [INFO    ] IVS.relay.Main – Using USB HID relay hardware
2026-03-11 09:33:53 [ERROR   ] IVS.relay.Main – Resource limit: RAM 320 MB exceeds limit 300 MB
2026-03-11 09:33:53 [INFO    ] IVS.relay.Main – Relay process exiting
2026-03-11 09:35:56 [INFO    ] IVS.relay.Main – Relay process started  PID=1372
2026-03-11 09:35:56 [INFO    ] IVS.relay.Main – Using USB HID relay hardware
2026-03-11 09:35:56 [ERROR   ] IVS.relay.Main – Resource limit: RAM 320 MB exceeds limit 300 MB
2026-03-11 09:35:56 [INFO    ] IVS.relay.Main – Relay process exiting
2026-03-11 09:38:00 [INFO    ] IVS.relay.Main – Relay process started  PID=20396
2026-03-11 09:38:00 [INFO    ] IVS.relay.Main – Using USB HID relay hardware
2026-03-11 09:38:00 [ERROR   ] IVS.relay.Main – Resource limit: RAM 321 MB exceeds limit 300 MB
2026-03-11 09:38:00 [INFO    ] IVS.relay.Main – Relay process exiting
2026-03-11 09:40:03 [INFO    ] IVS.relay.Main – Relay process started  PID=7812
2026-03-11 09:40:03 [INFO    ] IVS.relay.Main – Using USB HID relay hardware
2026-03-11 09:40:03 [ERROR   ] IVS.relay.Main – Resource limit: RAM 320 MB exceeds limit 300 MB
2026-03-11 09:40:03 [INFO    ] IVS.relay.Main – Relay process exiting
2026-03-11 09:42:06 [INFO    ] IVS.relay.Main – Relay process started  PID=12500
2026-03-11 09:42:06 [INFO    ] IVS.relay.Main – Using USB HID relay hardware
2026-03-11 09:42:06 [ERROR   ] IVS.relay.Main – Resource limit: RAM 320 MB exceeds limit 300 MB
2026-03-11 09:42:06 [INFO    ] IVS.relay.Main – Relay process exiting
2026-03-11 09:44:10 [INFO    ] IVS.relay.Main – Relay process started  PID=21836
2026-03-11 09:44:10 [INFO    ] IVS.relay.Main – Using USB HID relay hardware
2026-03-11 09:44:10 [ERROR   ] IVS.relay.Main – Resource limit: RAM 320 MB exceeds limit 300 MB
2026-03-11 09:44:10 [INFO    ] IVS.relay.Main – Relay process exiting
2026-03-11 09:46:13 [INFO    ] IVS.relay.Main – Relay process started  PID=25708
2026-03-11 09:46:13 [INFO    ] IVS.relay.Main – Using USB HID relay hardware
2026-03-11 09:46:13 [ERROR   ] IVS.relay.Main – Resource limit: RAM 320 MB exceeds limit 300 MB
2026-03-11 09:46:13 [INFO    ] IVS.relay.Main – Relay process exiting
2026-03-11 09:48:16 [INFO    ] IVS.relay.Main – Relay process started  PID=17700
2026-03-11 09:48:16 [INFO    ] IVS.relay.Main – Using USB HID relay hardware
2026-03-11 09:48:16 [ERROR   ] IVS.relay.Main – Resource limit: RAM 320 MB exceeds limit 300 MB
2026-03-11 09:48:16 [INFO    ] IVS.relay.Main – Relay process exiting
2026-03-11 09:50:20 [INFO    ] IVS.relay.Main – Relay process started  PID=18048
2026-03-11 09:50:20 [INFO    ] IVS.relay.Main – Using USB HID relay hardware
2026-03-11 09:50:20 [ERROR   ] IVS.relay.Main – Resource limit: RAM 320 MB exceeds limit 300 MB
2026-03-11 09:50:20 [INFO    ] IVS.relay.Main – Relay process exiting
2026-03-11 09:52:23 [INFO    ] IVS.relay.Main – Relay process started  PID=16748
2026-03-11 09:52:23 [INFO    ] IVS.relay.Main – Using USB HID relay hardware
2026-03-11 09:52:23 [ERROR   ] IVS.relay.Main – Resource limit: RAM 321 MB exceeds limit 300 MB
2026-03-11 09:52:23 [INFO    ] IVS.relay.Main – Relay process exiting
2026-03-11 09:54:26 [INFO    ] IVS.relay.Main – Relay process started  PID=25136
2026-03-11 09:54:26 [INFO    ] IVS.relay.Main – Using USB HID relay hardware
2026-03-11 09:54:26 [ERROR   ] IVS.relay.Main – Resource limit: RAM 320 MB exceeds limit 300 MB
2026-03-11 09:54:26 [INFO    ] IVS.relay.Main – Relay process exiting
2026-03-11 09:56:30 [INFO    ] IVS.relay.Main – Relay process started  PID=9376
2026-03-11 09:56:30 [INFO    ] IVS.relay.Main – Using USB HID relay hardware
2026-03-11 09:56:30 [ERROR   ] IVS.relay.Main – Resource limit: RAM 321 MB exceeds limit 300 MB
2026-03-11 09:56:30 [INFO    ] IVS.relay.Main – Relay process exiting
2026-03-11 09:58:33 [INFO    ] IVS.relay.Main – Relay process started  PID=5312
2026-03-11 09:58:33 [INFO    ] IVS.relay.Main – Using USB HID relay hardware
2026-03-11 09:58:33 [ERROR   ] IVS.relay.Main – Resource limit: RAM 320 MB exceeds limit 300 MB
2026-03-11 09:58:33 [INFO    ] IVS.relay.Main – Relay process exiting
2026-03-11 10:00:36 [INFO    ] IVS.relay.Main – Relay process started  PID=7752
2026-03-11 10:00:36 [INFO    ] IVS.relay.Main – Using USB HID relay hardware
2026-03-11 10:00:36 [ERROR   ] IVS.relay.Main – Resource limit: RAM 320 MB exceeds limit 300 MB
2026-03-11 10:00:36 [INFO    ] IVS.relay.Main – Relay process exiting
2026-03-11 10:02:40 [INFO    ] IVS.relay.Main – Relay process started  PID=13120
2026-03-11 10:02:40 [INFO    ] IVS.relay.Main – Using USB HID relay hardware
2026-03-11 10:02:40 [ERROR   ] IVS.relay.Main – Resource limit: RAM 321 MB exceeds limit 300 MB
2026-03-11 10:02:40 [INFO    ] IVS.relay.Main – Relay process exiting
2026-03-11 10:04:43 [INFO    ] IVS.relay.Main – Relay process started  PID=16688
2026-03-11 10:04:43 [INFO    ] IVS.relay.Main – Using USB HID relay hardware
2026-03-11 10:04:43 [ERROR   ] IVS.relay.Main – Resource limit: RAM 320 MB exceeds limit 300 MB
2026-03-11 10:04:43 [INFO    ] IVS.relay.Main – Relay process exiting
2026-03-11 10:06:46 [INFO    ] IVS.relay.Main – Relay process started  PID=17132
2026-03-11 10:06:46 [INFO    ] IVS.relay.Main – Using USB HID relay hardware
2026-03-11 10:06:46 [ERROR   ] IVS.relay.Main – Resource limit: RAM 320 MB exceeds limit 300 MB
2026-03-11 10:06:46 [INFO    ] IVS.relay.Main – Relay process exiting
2026-03-11 12:08:47 [INFO    ] IVS.relay.Main – Relay process started  PID=8008
2026-03-11 12:08:47 [INFO    ] IVS.relay.Main – Using USB HID relay hardware
2026-03-11 12:08:47 [ERROR   ] IVS.relay.Main – Resource limit: RAM 321 MB exceeds limit 300 MB
2026-03-11 12:08:47 [INFO    ] IVS.relay.Main – Relay process exiting
2026-03-11 12:10:50 [INFO    ] IVS.relay.Main – Relay process started  PID=16032
2026-03-11 12:10:50 [INFO    ] IVS.relay.Main – Using USB HID relay hardware
2026-03-11 12:10:50 [ERROR   ] IVS.relay.Main – Resource limit: RAM 321 MB exceeds limit 300 MB
2026-03-11 12:10:50 [INFO    ] IVS.relay.Main – Relay process exiting
2026-03-11 12:12:54 [INFO    ] IVS.relay.Main – Relay process started  PID=25688
2026-03-11 12:12:54 [INFO    ] IVS.relay.Main – Using USB HID relay hardware
2026-03-11 12:12:54 [ERROR   ] IVS.relay.Main – Resource limit: RAM 320 MB exceeds limit 300 MB
2026-03-11 12:12:54 [INFO    ] IVS.relay.Main – Relay process exiting
2026-03-11 12:14:57 [INFO    ] IVS.relay.Main – Relay process started  PID=8792
2026-03-11 12:14:57 [INFO    ] IVS.relay.Main – Using USB HID relay hardware
2026-03-11 12:14:57 [ERROR   ] IVS.relay.Main – Resource limit: RAM 320 MB exceeds limit 300 MB
2026-03-11 12:14:57 [INFO    ] IVS.relay.Main – Relay process exiting
2026-03-11 12:17:01 [INFO    ] IVS.relay.Main – Relay process started  PID=2952
2026-03-11 12:17:01 [INFO    ] IVS.relay.Main – Using USB HID relay hardware
2026-03-11 12:17:01 [ERROR   ] IVS.relay.Main – Resource limit: RAM 320 MB exceeds limit 300 MB
2026-03-11 12:17:01 [INFO    ] IVS.relay.Main – Relay process exiting
2026-03-11 12:19:04 [INFO    ] IVS.relay.Main – Relay process started  PID=1940
2026-03-11 12:19:04 [INFO    ] IVS.relay.Main – Using USB HID relay hardware
2026-03-11 12:19:04 [ERROR   ] IVS.relay.Main – Resource limit: RAM 321 MB exceeds limit 300 MB
2026-03-11 12:19:04 [INFO    ] IVS.relay.Main – Relay process exiting
2026-03-11 12:21:07 [INFO    ] IVS.relay.Main – Relay process started  PID=23776
2026-03-11 12:21:07 [INFO    ] IVS.relay.Main – Using USB HID relay hardware
2026-03-11 12:21:07 [ERROR   ] IVS.relay.Main – Resource limit: RAM 320 MB exceeds limit 300 MB
2026-03-11 12:21:07 [INFO    ] IVS.relay.Main – Relay process exiting
2026-03-11 12:23:11 [INFO    ] IVS.relay.Main – Relay process started  PID=23576
2026-03-11 12:23:11 [INFO    ] IVS.relay.Main – Using USB HID relay hardware
2026-03-11 12:23:11 [ERROR   ] IVS.relay.Main – Resource limit: RAM 321 MB exceeds limit 300 MB
2026-03-11 12:23:11 [INFO    ] IVS.relay.Main – Relay process exiting
2026-03-11 12:25:14 [INFO    ] IVS.relay.Main – Relay process started  PID=7808
2026-03-11 12:25:14 [INFO    ] IVS.relay.Main – Using USB HID relay hardware
2026-03-11 12:25:14 [ERROR   ] IVS.relay.Main – Resource limit: RAM 320 MB exceeds limit 300 MB
2026-03-11 12:25:14 [INFO    ] IVS.relay.Main – Relay process exiting
2026-03-11 13:30:32 [INFO    ] IVS.relay.Main – Relay process started  PID=2500
2026-03-11 13:30:32 [INFO    ] IVS.relay.Main – Using USB HID relay hardware
2026-03-11 13:30:32 [ERROR   ] IVS.relay.Main – Resource limit: RAM 320 MB exceeds limit 300 MB
2026-03-11 13:30:32 [INFO    ] IVS.relay.Main – Relay process exiting
2026-03-11 13:32:36 [INFO    ] IVS.relay.Main – Relay process started  PID=24972
2026-03-11 13:32:36 [INFO    ] IVS.relay.Main – Using USB HID relay hardware
2026-03-11 13:32:36 [ERROR   ] IVS.relay.Main – Resource limit: RAM 321 MB exceeds limit 300 MB
2026-03-11 13:32:36 [INFO    ] IVS.relay.Main – Relay process exiting
2026-03-11 13:34:39 [INFO    ] IVS.relay.Main – Relay process started  PID=3312
2026-03-11 13:34:39 [INFO    ] IVS.relay.Main – Using USB HID relay hardware
2026-03-11 13:34:39 [ERROR   ] IVS.relay.Main – Resource limit: RAM 320 MB exceeds limit 300 MB
2026-03-11 13:34:39 [INFO    ] IVS.relay.Main – Relay process exiting
2026-03-11 13:36:42 [INFO    ] IVS.relay.Main – Relay process started  PID=25384
2026-03-11 13:36:42 [INFO    ] IVS.relay.Main – Using USB HID relay hardware
2026-03-11 13:36:42 [ERROR   ] IVS.relay.Main – Resource limit: RAM 321 MB exceeds limit 300 MB
2026-03-11 13:36:42 [INFO    ] IVS.relay.Main – Relay process exiting
2026-03-11 13:38:46 [INFO    ] IVS.relay.Main – Relay process started  PID=26468
2026-03-11 13:38:46 [INFO    ] IVS.relay.Main – Using USB HID relay hardware
2026-03-11 13:38:46 [ERROR   ] IVS.relay.Main – Resource limit: RAM 320 MB exceeds limit 300 MB
2026-03-11 13:38:46 [INFO    ] IVS.relay.Main – Relay process exiting
2026-03-11 13:40:49 [INFO    ] IVS.relay.Main – Relay process started  PID=19164
2026-03-11 13:40:49 [INFO    ] IVS.relay.Main – Using USB HID relay hardware
2026-03-11 13:40:49 [ERROR   ] IVS.relay.Main – Resource limit: RAM 321 MB exceeds limit 300 MB
2026-03-11 13:40:49 [INFO    ] IVS.relay.Main – Relay process exiting
2026-03-11 13:42:53 [INFO    ] IVS.relay.Main – Relay process started  PID=19844
2026-03-11 13:42:53 [INFO    ] IVS.relay.Main – Using USB HID relay hardware
2026-03-11 13:42:53 [ERROR   ] IVS.relay.Main – Resource limit: RAM 321 MB exceeds limit 300 MB
2026-03-11 13:42:53 [INFO    ] IVS.relay.Main – Relay process exiting
2026-03-11 13:44:57 [INFO    ] IVS.relay.Main – Relay process started  PID=16808
2026-03-11 13:44:57 [INFO    ] IVS.relay.Main – Using USB HID relay hardware
2026-03-11 13:44:57 [ERROR   ] IVS.relay.Main – Resource limit: RAM 320 MB exceeds limit 300 MB
2026-03-11 13:44:57 [INFO    ] IVS.relay.Main – Relay process exiting
2026-03-11 13:47:00 [INFO    ] IVS.relay.Main – Relay process started  PID=24644
2026-03-11 13:47:00 [INFO    ] IVS.relay.Main – Using USB HID relay hardware
2026-03-11 13:47:00 [ERROR   ] IVS.relay.Main – Resource limit: RAM 320 MB exceeds limit 300 MB
2026-03-11 13:47:00 [INFO    ] IVS.relay.Main – Relay process exiting
2026-03-11 13:49:04 [INFO    ] IVS.relay.Main – Relay process started  PID=9244
2026-03-11 13:49:04 [INFO    ] IVS.relay.Main – Using USB HID relay hardware
2026-03-11 13:49:04 [ERROR   ] IVS.relay.Main – Resource limit: RAM 320 MB exceeds limit 300 MB
2026-03-11 13:49:04 [INFO    ] IVS.relay.Main – Relay process exiting
2026-03-11 13:51:07 [INFO    ] IVS.relay.Main – Relay process started  PID=18056
2026-03-11 13:51:07 [INFO    ] IVS.relay.Main – Using USB HID relay hardware
2026-03-11 13:51:07 [ERROR   ] IVS.relay.Main – Resource limit: RAM 321 MB exceeds limit 300 MB
2026-03-11 13:51:07 [INFO    ] IVS.relay.Main – Relay process exiting
2026-03-11 13:53:10 [INFO    ] IVS.relay.Main – Relay process started  PID=21952
2026-03-11 13:53:10 [INFO    ] IVS.relay.Main – Using USB HID relay hardware
2026-03-11 13:53:10 [ERROR   ] IVS.relay.Main – Resource limit: RAM 320 MB exceeds limit 300 MB
2026-03-11 13:53:10 [INFO    ] IVS.relay.Main – Relay process exiting
2026-03-11 13:55:14 [INFO    ] IVS.relay.Main – Relay process started  PID=25500
2026-03-11 13:55:14 [INFO    ] IVS.relay.Main – Using USB HID relay hardware
2026-03-11 13:55:14 [ERROR   ] IVS.relay.Main – Resource limit: RAM 320 MB exceeds limit 300 MB
2026-03-11 13:55:14 [INFO    ] IVS.relay.Main – Relay process exiting
2026-03-11 13:57:17 [INFO    ] IVS.relay.Main – Relay process started  PID=3960
2026-03-11 13:57:17 [INFO    ] IVS.relay.Main – Using USB HID relay hardware
2026-03-11 13:57:17 [ERROR   ] IVS.relay.Main – Resource limit: RAM 320 MB exceeds limit 300 MB
2026-03-11 13:57:17 [INFO    ] IVS.relay.Main – Relay process exiting
2026-03-11 16:33:53 [INFO    ] IVS.relay.Main – Relay process started  PID=5620
2026-03-11 16:33:53 [INFO    ] IVS.relay.Main – USB HID relay hardware initialised
2026-03-11 16:36:38 [INFO    ] IVS.relay.Main – Relay process exiting
2026-03-11 16:37:14 [INFO    ] IVS.relay.Main – Relay process started  PID=28456
2026-03-11 16:37:14 [INFO    ] IVS.relay.Main – USB HID relay hardware initialised
2026-03-11 16:47:58 [INFO    ] IVS.relay.Main – Reloading settings
2026-03-11 16:47:58 [INFO    ] IVS.relay.ConfigLoader – Settings loaded from app_settings.json
2026-03-11 16:47:58 [INFO    ] IVS.relay.Main – Relay updated: cooldown=5.0s duration=1.0s
2026-03-11 16:48:04 [INFO    ] IVS.relay.Main – Reloading settings
2026-03-11 16:48:04 [INFO    ] IVS.relay.ConfigLoader – Settings loaded from app_settings.json
2026-03-11 16:48:04 [INFO    ] IVS.relay.Main – Relay updated: cooldown=5.0s duration=1.0s
2026-03-11 16:48:13 [INFO    ] IVS.relay.Main – Reloading settings
2026-03-11 16:48:13 [INFO    ] IVS.relay.ConfigLoader – Settings loaded from app_settings.json
2026-03-11 16:48:13 [INFO    ] IVS.relay.Main – Relay updated: cooldown=5.0s duration=1.0s
2026-03-11 16:49:41 [INFO    ] IVS.relay.Main – Relay process exiting
2026-03-12 06:48:00 [INFO    ] IVS.relay.Main – Relay process started  PID=6872
2026-03-12 06:48:00 [INFO    ] IVS.relay.Main – USB HID relay hardware initialised
2026-03-12 06:53:28 [INFO    ] IVS.relay.Main – Relay process exiting
2026-03-12 06:54:38 [INFO    ] IVS.relay.Main – Relay process started  PID=13024
2026-03-12 06:54:38 [INFO    ] IVS.relay.Main – USB HID relay hardware initialised
2026-03-12 06:54:54 [INFO    ] IVS.relay.Main – Relay process exiting
2026-03-12 06:57:42 [INFO    ] IVS.relay.Main – Relay process started  PID=25624
2026-03-12 06:57:42 [INFO    ] IVS.relay.Main – USB HID relay hardware initialised
2026-03-12 06:58:03 [INFO    ] IVS.relay.Main – Relay process exiting
2026-03-12 11:58:57 [INFO    ] IVS.relay.Main – Relay process started  PID=5752
2026-03-12 11:58:57 [INFO    ] IVS.relay.Main – USB HID relay hardware initialised
2026-03-12 12:00:00 [INFO    ] IVS.relay.Main – Relay process exiting
2026-03-12 12:00:26 [INFO    ] IVS.relay.Main – Relay process started  PID=24416
2026-03-12 12:00:26 [INFO    ] IVS.relay.Main – USB HID relay hardware initialised
2026-03-12 12:01:19 [INFO    ] IVS.relay.Main – Relay process exiting
2026-03-12 13:18:38 [INFO    ] IVS.relay.Main – Relay process started  PID=28836
2026-03-12 13:18:38 [INFO    ] IVS.relay.Main – USB HID relay hardware initialised
2026-03-12 13:19:18 [INFO    ] IVS.relay.Main – Relay process exiting
2026-03-16 11:28:37 [INFO    ] IVS.relay.Main – Relay process started  PID=10392
2026-03-16 11:28:37 [INFO    ] IVS.relay.Main – USB HID relay hardware initialised
2026-03-16 11:31:19 [INFO    ] IVS.relay.Main – Relay process exiting
